 LKKN P   1 41 10.5    4.3
 LKKN S   1 41 10.5    7.5
 KKN  P   1 41 10.5    4.3
 KKN  S   1 41 10.5    7.5
 DMG  P   1 41 10.5    5.7
 DMG  S   1 41 10.5   10.0
 PKIN P   1 41 10.5    8.4
 PKIN S   1 41 10.5   14.7
 LPKI P   1 41 10.5    8.5
 PKI  P   1 41 10.5    8.5
 PKI  S   1 41 10.5   15.0
 LPKI S   1 41 10.5   15.0
 LDMN P   1 41 10.5    8.8
 LDMN S   1 41 10.5   15.5
 DMN  P   1 41 10.5    8.8
 DMN  S   1 41 10.5   15.5
 LGUN P   1 41 10.5    9.2
 LGUN S   1 41 10.5   16.1
 GUN  P   1 41 10.5    9.2
 GUN  S   1 41 10.5   16.1
 GKN  P   1 41 10.5   12.1
 GKN  S   1 41 10.5   21.2
 GKNL P   1 41 10.5   12.1
 GKNL S   1 41 10.5   21.2
 LJIR P   1 41 10.5   15.8
 LJIR S   1 41 10.5   27.7
 JIRN P   1 41 10.5   15.8
 JIRN S   1 41 10.5   27.7
 EVN  P   1 41 10.5   24.8
 EVN  S   1 41 10.5   43.4
 LDAN P   1 41 10.5   27.5
 DANN P   1 41 10.5   27.5
 LDAN S   1 41 10.5   48.2
 DANN S   1 41 10.5   48.2
 LRAM P   1 41 10.5   29.4
 RAMN P   1 41 10.5   29.4
 LRAM S   1 41 10.5   51.4
 RAMN S   1 41 10.5   51.4
 KOLL P   1 41 10.5   30.0
 KOLL S   1 41 10.5   52.5
 LKOL P   1 41 10.5   30.0
 LKOL S   1 41 10.5   52.5
 LPYU P   1 41 10.5   38.5
 LPYU S   1 41 10.5   67.5
 PYUN P   1 41 10.5   38.5
 PYUN S   1 41 10.5   67.5
 ODAN S   1 41 10.5   68.9
 LODA P   1 41 10.5   39.4
 LODA S   1 41 10.5   68.9
 ODAN P   1 41 10.5   39.4
 LTAP P   1 41 10.5   40.1
 LTAP S   1 41 10.5   70.2
 TAPN P   1 41 10.5   40.1
 TAPN S   1 41 10.5   70.2
 BHMN P   1 41 10.5   54.8
 BHMN S   1 41 10.5   95.9
 HARN P   1 41 10.5   54.6
 HARN S   1 41 10.5   95.7
 GBAN P   1 41 10.5   56.0
 GBAN S   1 41 10.5   98.0
 GNKN P   1 41 10.5   59.2
 GNKN S   1 41 10.5  103.6
 PUSN P   1 41 10.5   60.5
 PUSN S   1 41 10.5  105.9
 BADN P   1 41 10.5   61.4
 BADN S   1 41 10.5  107.4
 BAYN P   1 41 10.5   63.8
 BAYN S   1 41 10.5  111.7
 GJRN P   1 41 10.5   69.0
 GJRN S   1 41 10.5  120.9
 GHAN P   1 41 10.5   69.1
 GHAN S   1 41 10.5  121.0
          
     
