 LGUN P   0 15 44.8    1.8
 LGUN S   0 15 44.8    3.2
 GUN  P   0 15 44.8    1.8
 GUN  S   0 15 44.8    3.2
 JIRN P   0 15 44.8    5.7
 JIRN S   0 15 44.8   10.0
 LJIR P   0 15 44.8    5.7
 LJIR S   0 15 44.8   10.0
 LPKI S   0 15 44.8   18.7
 PKI  P   0 15 44.8   10.6
 LPKI P   0 15 44.8   10.6
 PKI  S   0 15 44.8   18.7
 PKIN P   0 15 44.8   10.8
 PKIN S   0 15 44.8   18.9
 DMG  P   0 15 44.8   11.0
 DMG  S   0 15 44.8   19.3
 KKN  P   0 15 44.8   11.4
 KKN  S   0 15 44.8   19.9
 LKKN P   0 15 44.8   11.4
 LKKN S   0 15 44.8   19.9
 EVN  P   0 15 44.8   14.8
 EVN  S   0 15 44.8   26.0
 DMN  P   0 15 44.8   15.0
 DMN  S   0 15 44.8   26.3
 LDMN P   0 15 44.8   15.0
 LDMN S   0 15 44.8   26.3
 RAMN S   0 15 44.8   36.0
 LRAM P   0 15 44.8   20.5
 LRAM S   0 15 44.8   36.0
 RAMN P   0 15 44.8   20.5
 GKNL P   0 15 44.8   22.4
 GKNL S   0 15 44.8   39.2
 GKN  P   0 15 44.8   22.4
 GKN  S   0 15 44.8   39.2
 ODAN S   0 15 44.8   54.5
 LODA P   0 15 44.8   31.1
 LODA S   0 15 44.8   54.5
 ODAN P   0 15 44.8   31.1
 LTAP P   0 15 44.8   31.6
 LTAP S   0 15 44.8   55.3
 TAPN P   0 15 44.8   31.6
 TAPN S   0 15 44.8   55.3
 DANN S   0 15 44.8   64.4
 LDAN S   0 15 44.8   64.4
 DANN P   0 15 44.8   36.8
 LDAN P   0 15 44.8   36.8
 LKOL S   0 15 44.8   66.4
 KOLL P   0 15 44.8   37.9
 KOLL S   0 15 44.8   66.4
 LKOL P   0 15 44.8   37.9
 LPYU P   0 15 44.8   45.5
 LPYU S   0 15 44.8   79.7
 PYUN P   0 15 44.8   45.5
 PYUN S   0 15 44.8   79.7
 HARN P   0 15 44.8   61.7
 HARN S   0 15 44.8  108.1
 BHMN P   0 15 44.8   61.9
 BHMN S   0 15 44.8  108.4
 GBAN P   0 15 44.8   63.1
 GBAN S   0 15 44.8  110.5
 GNKN P   0 15 44.8   66.3
 GNKN S   0 15 44.8  116.0
 PUSN P   0 15 44.8   67.7
 PUSN S   0 15 44.8  118.4
 BADN P   0 15 44.8   68.5
 BADN S   0 15 44.8  119.9
 BAYN P   0 15 44.8   71.0
 BAYN S   0 15 44.8  124.2
 GJRN P   0 15 44.8   76.2
 GJRN S   0 15 44.8  133.3
 GHAN S   0 15 44.8  133.5
 GHAN P   0 15 44.8   76.3
          
     
